TN:
SF:server.js
FN:16,(anonymous_0)
FN:36,(anonymous_1)
FN:59,(anonymous_2)
FN:85,authenticateToken
FN:91,(anonymous_4)
FN:99,(anonymous_5)
FN:105,(anonymous_6)
FNF:7
FNH:4
FNDA:1,(anonymous_0)
FNDA:0,(anonymous_1)
FNDA:0,(anonymous_2)
FNDA:2,authenticateToken
FNDA:1,(anonymous_4)
FNDA:0,(anonymous_5)
FNDA:1,(anonymous_6)
DA:1,1
DA:2,1
DA:3,1
DA:4,1
DA:6,1
DA:7,1
DA:12,1
DA:13,1
DA:16,1
DA:17,1
DA:19,1
DA:20,1
DA:25,1
DA:26,0
DA:28,1
DA:31,0
DA:32,0
DA:36,1
DA:37,0
DA:39,0
DA:40,0
DA:43,0
DA:44,0
DA:49,0
DA:51,0
DA:52,0
DA:54,0
DA:55,0
DA:59,1
DA:60,0
DA:61,0
DA:62,0
DA:64,0
DA:65,0
DA:68,0
DA:73,0
DA:75,0
DA:77,0
DA:78,0
DA:82,1
DA:86,2
DA:87,2
DA:89,2
DA:91,1
DA:92,1
DA:93,0
DA:94,0
DA:99,1
DA:100,0
DA:105,1
DA:106,1
DA:109,1
LF:52
LH:26
BRDA:25,0,0,0
BRDA:25,0,1,1
BRDA:39,1,0,0
BRDA:39,1,1,0
BRDA:39,2,0,0
BRDA:39,2,1,0
BRDA:39,2,2,0
BRDA:64,3,0,0
BRDA:64,3,1,0
BRDA:64,4,0,0
BRDA:64,4,1,0
BRDA:64,4,2,0
BRDA:64,4,3,0
BRDA:87,5,0,2
BRDA:87,5,1,1
BRDA:89,6,0,1
BRDA:89,6,1,1
BRDA:92,7,0,1
BRDA:92,7,1,0
BRF:19
BRH:6
end_of_record
